0 info it worked if it ends with ok
1 verbose cli [ 'node', '/usr/local/bin/npm', 'update', '-g', 'ionic' ]
2 info using npm@1.4.28
3 info using node@v0.10.35
4 verbose request where is /ionic
5 verbose request registry https://registry.npmjs.org/
6 verbose request id 970aba76a1e311f4
7 verbose url raw /ionic
8 verbose url resolving [ 'https://registry.npmjs.org/', './ionic' ]
9 verbose url resolved https://registry.npmjs.org/ionic
10 verbose request where is https://registry.npmjs.org/ionic
11 info trying registry request attempt 1 at 13:37:33
12 verbose etag "BNYZDGQ4RTEGQTIRFB0RW5DEY"
13 http GET https://registry.npmjs.org/ionic
14 http 200 https://registry.npmjs.org/ionic
15 silly registry.get cb [ 200,
15 silly registry.get   { date: 'Thu, 05 Feb 2015 12:37:33 GMT',
15 silly registry.get     server: 'CouchDB/1.5.0 (Erlang OTP/R16B03)',
15 silly registry.get     etag: '"3Q246Z126R9HY2JY9D9S7KIBF"',
15 silly registry.get     'content-type': 'application/json',
15 silly registry.get     'cache-control': 'max-age=60',
15 silly registry.get     'content-length': '197902',
15 silly registry.get     'accept-ranges': 'bytes',
15 silly registry.get     via: '1.1 varnish',
15 silly registry.get     age: '9',
15 silly registry.get     'x-served-by': 'cache-fra1234-FRA',
15 silly registry.get     'x-cache': 'HIT',
15 silly registry.get     'x-cache-hits': '1',
15 silly registry.get     'x-timer': 'S1423139853.687067,VS0,VE1',
15 silly registry.get     vary: 'Accept',
15 silly registry.get     'keep-alive': 'timeout=10, max=50',
15 silly registry.get     connection: 'Keep-Alive' } ]
16 info outdated updating [ [ '/usr/local/lib', 'ionic', '1.3.2', '1.3.8', '1.3.8', 'latest' ] ]
17 verbose install where,what [ '/usr/local/lib', [ 'ionic@1.3.8' ] ]
18 verbose cache add [ 'ionic@1.3.8', null ]
19 verbose cache add name=undefined spec="ionic@1.3.8" args=["ionic@1.3.8",null]
20 verbose parsed url { protocol: null,
20 verbose parsed url   slashes: null,
20 verbose parsed url   auth: null,
20 verbose parsed url   host: null,
20 verbose parsed url   port: null,
20 verbose parsed url   hostname: null,
20 verbose parsed url   hash: null,
20 verbose parsed url   search: null,
20 verbose parsed url   query: null,
20 verbose parsed url   pathname: 'ionic@1.3.8',
20 verbose parsed url   path: 'ionic@1.3.8',
20 verbose parsed url   href: 'ionic@1.3.8' }
21 verbose cache add name="ionic" spec="1.3.8" args=["ionic","1.3.8"]
22 verbose parsed url { protocol: null,
22 verbose parsed url   slashes: null,
22 verbose parsed url   auth: null,
22 verbose parsed url   host: null,
22 verbose parsed url   port: null,
22 verbose parsed url   hostname: null,
22 verbose parsed url   hash: null,
22 verbose parsed url   search: null,
22 verbose parsed url   query: null,
22 verbose parsed url   pathname: '1.3.8',
22 verbose parsed url   path: '1.3.8',
22 verbose parsed url   href: '1.3.8' }
23 verbose addNamed [ 'ionic', '1.3.8' ]
24 verbose addNamed [ '1.3.8', '1.3.8' ]
25 silly lockFile 1bd4aba2-ionic-1-3-8 ionic@1.3.8
26 verbose lock ionic@1.3.8 /Users/michelklein/.npm/1bd4aba2-ionic-1-3-8.lock
27 verbose registry.get https://registry.npmjs.org/ionic not expired, no request
28 silly lockFile b784347b--npmjs-org-ionic-ionic-1-3-8-tgz https://registry.npmjs.org/ionic/-/ionic-1.3.8.tgz
29 verbose lock https://registry.npmjs.org/ionic/-/ionic-1.3.8.tgz /Users/michelklein/.npm/b784347b--npmjs-org-ionic-ionic-1-3-8-tgz.lock
30 verbose addRemoteTarball [ 'https://registry.npmjs.org/ionic/-/ionic-1.3.8.tgz',
30 verbose addRemoteTarball   '9edc645a2702417bd20679177c195fad0d015766' ]
31 info retry fetch attempt 1 at 13:37:34
32 verbose fetch to= /var/folders/tj/5btybtfn2psgljd2qhv7gkqr0000gn/T/npm-1961-Qiw4zhNK/registry.npmjs.org/ionic/-/ionic-1.3.8.tgz
33 http GET https://registry.npmjs.org/ionic/-/ionic-1.3.8.tgz
34 http 200 https://registry.npmjs.org/ionic/-/ionic-1.3.8.tgz
35 silly lockFile b784347b--npmjs-org-ionic-ionic-1-3-8-tgz https://registry.npmjs.org/ionic/-/ionic-1.3.8.tgz
36 silly lockFile b784347b--npmjs-org-ionic-ionic-1-3-8-tgz https://registry.npmjs.org/ionic/-/ionic-1.3.8.tgz
37 silly lockFile 1bd4aba2-ionic-1-3-8 ionic@1.3.8
38 silly lockFile 1bd4aba2-ionic-1-3-8 ionic@1.3.8
39 error Error: EACCES, mkdir '/Users/michelklein/.npm/ionic/1.3.8'
39 error  { [Error: EACCES, mkdir '/Users/michelklein/.npm/ionic/1.3.8']
39 error   errno: 3,
39 error   code: 'EACCES',
39 error   path: '/Users/michelklein/.npm/ionic/1.3.8' }
40 error Please try running this command again as root/Administrator.
41 error System Darwin 14.1.0
42 error command "node" "/usr/local/bin/npm" "update" "-g" "ionic"
43 error cwd /Users/michelklein/Documents/Development/git/iPaidV1/iPaidGUI
44 error node -v v0.10.35
45 error npm -v 1.4.28
46 error path /Users/michelklein/.npm/ionic/1.3.8
47 error code EACCES
48 error errno 3
49 error stack Error: EACCES, mkdir '/Users/michelklein/.npm/ionic/1.3.8'
50 verbose exit [ 3, true ]
